00:06:06 **** Build of configuration Debug for project blink_switch ****
make all 
Building file: ../main.c
Invoking: AVR Compiler
avr-gcc -Wall -g2 -gstabs -O0 -fpack-struct -fshort-enums -ffunction-sections -fdata-sections -std=gnu99 -funsigned-char -funsigned-bitfields -mmcu=atmega32 -DF_CPU=12000000UL -MMD -MP -MF"main.d" -MT"main.o" -c -o "main.o" "../main.c"
Finished building: ../main.c
 
Building target: blink_switch.elf
Invoking: AVR C Linker
avr-gcc -Wl,-Map,blink_switch.map -mmcu=atmega32 -o "blink_switch.elf"  ./DIO_prog.o ./main.o   
Finished building target: blink_switch.elf
 
Invoking: AVR Create Extended Listing
avr-objdump -h -S blink_switch.elf  >"blink_switch.lss"
Finished building: blink_switch.lss
 
Create Flash image (ihex format)
avr-objcopy -R .eeprom -R .fuse -R .lock -R .signature -O ihex blink_switch.elf  "blink_switch.hex"
Finished building: blink_switch.hex
 
Invoking: Print Size
avr-size --format=avr --mcu=atmega32 blink_switch.elf
AVR Memory Usage
----------------
Device: atmega32

Program:    1374 bytes (4.2% Full)
(.text + .data + .bootloader)

Data:          0 bytes (0.0% Full)
(.data + .bss + .noinit)


Finished building: sizedummy
 

00:06:29 Build Finished (took 23s.244ms)

