15:59:06 **** Incremental Build of configuration Debug for project DIO ****
make all 
Building file: ../main.c
../main.c:13:1: warning: "F_CPU" redefined
<command-line>: warning: this is the location of the previous definition
In file included from ../main.c:14:
c:/users/fly labs/desktop/imt tools/interfacing/imt_sdk_win_64/winavr/lib/gcc/../../avr/include/util/delay.h:90:3: warning: #warning "Compiler optimizations disabled; functions from <util/delay.h> won't work as designed"
Invoking: AVR Compiler
avr-gcc -Wall -g2 -gstabs -O0 -fpack-struct -fshort-enums -ffunction-sections -fdata-sections -std=gnu99 -funsigned-char -funsigned-bitfields -mmcu=atmega32 -DF_CPU=12000000UL -MMD -MP -MF"main.d" -MT"main.o" -c -o "main.o" "../main.c"
Finished building: ../main.c
 
Building target: DIO.elf
Invoking: AVR C Linker
avr-gcc -Wl,-Map,DIO.map -mmcu=atmega32 -o "DIO.elf"  ./DIO_prog.o ./main.o   
Finished building target: DIO.elf
 
Invoking: AVR Create Extended Listing
avr-objdump -h -S DIO.elf  >"DIO.lss"
Finished building: DIO.lss
 
Create Flash image (ihex format)
avr-objcopy -R .eeprom -R .fuse -R .lock -R .signature -O ihex DIO.elf  "DIO.hex"
Finished building: DIO.hex
 
Invoking: Print Size
avr-size --format=avr --mcu=atmega32 DIO.elf
AVR Memory Usage
----------------
Device: atmega32

Program:    4658 bytes (14.2% Full)
(.text + .data + .bootloader)

Data:          8 bytes (0.4% Full)
(.data + .bss + .noinit)


Finished building: sizedummy
 

15:59:15 Build Finished (took 9s.522ms)

