15:56:23 **** Incremental Build of configuration Debug for project EEBROM_DRIVER ****
make all 
Building file: ../main.c
Invoking: AVR Compiler
avr-gcc -Wall -g2 -gstabs -O0 -fpack-struct -fshort-enums -ffunction-sections -fdata-sections -std=gnu99 -funsigned-char -funsigned-bitfields -mmcu=atmega32 -DF_CPU=12000000UL -MMD -MP -MF"main.d" -MT"main.o" -c -o "main.o" "../main.c"
../main.c:9:1: warning: "F_CPU" redefined
<command-line>: warning: this is the location of the previous definition
In file included from ../main.c:10:
c:/users/fly labs/desktop/imt tools/interfacing/imt_sdk_win_64/winavr/lib/gcc/../../avr/include/util/delay.h:90:3: warning: #warning "Compiler optimizations disabled; functions from <util/delay.h> won't work as designed"
Finished building: ../main.c
 
Building target: EEBROM_DRIVER.elf
Invoking: AVR C Linker
avr-gcc -Wl,-Map,EEBROM_DRIVER.map -mmcu=atmega32 -o "EEBROM_DRIVER.elf"  ./DIO_prog.o ./EEPROM_prog.o ./I2C_prog.o ./LCD_prog.o ./main.o   
Finished building target: EEBROM_DRIVER.elf
 
Invoking: AVR Create Extended Listing
avr-objdump -h -S EEBROM_DRIVER.elf  >"EEBROM_DRIVER.lss"
Finished building: EEBROM_DRIVER.lss
 
Create Flash image (ihex format)
avr-objcopy -R .eeprom -R .fuse -R .lock -R .signature -O ihex EEBROM_DRIVER.elf  "EEBROM_DRIVER.hex"
Finished building: EEBROM_DRIVER.hex
 
Invoking: Print Size
avr-size --format=avr --mcu=atmega32 EEBROM_DRIVER.elf
AVR Memory Usage
----------------
Device: atmega32

Program:    7048 bytes (21.5% Full)
(.text + .data + .bootloader)

Data:          8 bytes (0.4% Full)
(.data + .bss + .noinit)


Finished building: sizedummy
 

15:56:29 Build Finished (took 6s.759ms)

