14:37:57 **** Build of configuration Debug for project lab1 ****
make all 
Building file: ../main.c
Invoking: AVR Compiler
avr-gcc -Wall -g2 -gstabs -O0 -fpack-struct -fshort-enums -ffunction-sections -fdata-sections -std=gnu99 -funsigned-char -funsigned-bitfields -mmcu=atmega32 -DF_CPU=12000000UL -MMD -MP -MF"main.d" -MT"main.o" -c -o "main.o" "../main.c"
../main.c:10:1: warning: "F_CPU" redefined
<command-line>: warning: this is the location of the previous definition
In file included from ../main.c:11:
c:/users/fly labs/desktop/imt tools/interfacing/imt_sdk_win_64/winavr/lib/gcc/../../avr/include/util/delay.h:90:3: warning: #warning "Compiler optimizations disabled; functions from <util/delay.h> won't work as designed"
Finished building: ../main.c
 
Building target: lab1.elf
Invoking: AVR C Linker
avr-gcc -Wl,-Map,lab1.map -mmcu=atmega32 -o "lab1.elf"  ./main.o   
Finished building target: lab1.elf
 
Invoking: AVR Create Extended Listing
avr-objdump -h -S lab1.elf  >"lab1.lss"
Finished building: lab1.lss
 
Create Flash image (ihex format)
avr-objcopy -R .eeprom -R .fuse -R .lock -R .signature -O ihex lab1.elf  "lab1.hex"
Finished building: lab1.hex
 
Invoking: Print Size
avr-size --format=avr --mcu=atmega32 lab1.elf
AVR Memory Usage
----------------
Device: atmega32

Program:    3258 bytes (9.9% Full)
(.text + .data + .bootloader)

Data:          8 bytes (0.4% Full)
(.data + .bss + .noinit)


Finished building: sizedummy
 

14:38:44 Build Finished (took 47s.588ms)

