18:44:11 **** Build of configuration Debug for project lab2 ****
make all 
Building file: ../main.c
Invoking: AVR Compiler
avr-gcc -Wall -g2 -gstabs -O0 -fpack-struct -fshort-enums -ffunction-sections -fdata-sections -std=gnu99 -funsigned-char -funsigned-bitfields -mmcu=atmega32 -DF_CPU=12000000UL -MMD -MP -MF"main.d" -MT"main.o" -c -o "main.o" "../main.c"
../main.c:10:1: warning: "F_CPU" redefined
<command-line>: warning: this is the location of the previous definition
In file included from ../main.c:11:
c:/users/fly labs/desktop/imt tools/interfacing/imt_sdk_win_64/winavr/lib/gcc/../../avr/include/util/delay.h:90:3: warning: #warning "Compiler optimizations disabled; functions from <util/delay.h> won't work as designed"
Finished building: ../main.c
 
Building target: lab2.elf
Invoking: AVR C Linker
avr-gcc -Wl,-Map,lab2.map -mmcu=atmega32 -o "lab2.elf"  ./main.o   
Finished building target: lab2.elf
 
Invoking: AVR Create Extended Listing
avr-objdump -h -S lab2.elf  >"lab2.lss"
Finished building: lab2.lss
 
Invoking: Print Size
avr-size --format=avr --mcu=atmega32 lab2.elf
AVR Memory Usage
----------------
Device: atmega32

Program:     130 bytes (0.4% Full)
(.text + .data + .bootloader)

Data:          0 bytes (0.0% Full)
(.data + .bss + .noinit)


Finished building: sizedummy
 

18:44:23 Build Finished (took 12s.709ms)

