14:21:31 **** Incremental Build of configuration Debug for project lcd_keyoad ****
make all 
Building file: ../main.c
Invoking: AVR Compiler
avr-gcc -Wall -g2 -gstabs -O0 -fpack-struct -fshort-enums -ffunction-sections -fdata-sections -std=gnu99 -funsigned-char -funsigned-bitfields -mmcu=atmega32 -DF_CPU=12000000UL -MMD -MP -MF"main.d" -MT"main.o" -c -o "main.o" "../main.c"
../main.c:11:1: warning: "F_CPU" redefined
<command-line>: warning: this is the location of the previous definition
In file included from ../main.c:15:
c:/users/fly labs/desktop/imt tools/interfacing/imt_sdk_win_64/winavr/lib/gcc/../../avr/include/util/delay.h:90:3: warning: #warning "Compiler optimizations disabled; functions from <util/delay.h> won't work as designed"
Finished building: ../main.c
 
Building target: lcd_keyoad.elf
Invoking: AVR C Linker
avr-gcc -Wl,-Map,lcd_keyoad.map -mmcu=atmega32 -o "lcd_keyoad.elf"  ./main.o   
Finished building target: lcd_keyoad.elf
 
Invoking: AVR Create Extended Listing
avr-objdump -h -S lcd_keyoad.elf  >"lcd_keyoad.lss"
Finished building: lcd_keyoad.lss
 
Create Flash image (ihex format)
avr-objcopy -R .eeprom -R .fuse -R .lock -R .signature -O ihex lcd_keyoad.elf  "lcd_keyoad.hex"
Finished building: lcd_keyoad.hex
 
Invoking: Print Size
avr-size --format=avr --mcu=atmega32 lcd_keyoad.elf
AVR Memory Usage
----------------
Device: atmega32

Program:    7772 bytes (23.7% Full)
(.text + .data + .bootloader)

Data:         52 bytes (2.5% Full)
(.data + .bss + .noinit)


Finished building: sizedummy
 

14:22:34 Build Finished (took 1m:2s.986ms)

