01:24:07 **** Incremental Build of configuration Debug for project LM35_LED_BUZZER30 ****
make all 
Building file: ../main.c
Invoking: AVR Compiler
avr-gcc -Wall -g2 -gstabs -O0 -fpack-struct -fshort-enums -ffunction-sections -fdata-sections -std=gnu99 -funsigned-char -funsigned-bitfields -mmcu=atmega32 -DF_CPU=12000000UL -MMD -MP -MF"main.d" -MT"main.o" -c -o "main.o" "../main.c"
In file included from ../main.c:14:
c:/users/fly labs/desktop/imt tools/interfacing/imt_sdk_win_64/winavr/lib/gcc/../../avr/include/util/delay.h:90:3: warning: #warning "Compiler optimizations disabled; functions from <util/delay.h> won't work as designed"
../main.c:16:1: warning: "F_CPU" redefined
<command-line>: warning: this is the location of the previous definition
Finished building: ../main.c
 
Building target: LM35_LED_BUZZER30.elf
Invoking: AVR C Linker
avr-gcc -Wl,-Map,LM35_LED_BUZZER30.map -mmcu=atmega32 -o "LM35_LED_BUZZER30.elf"  ./ADC_prog.o ./DIO_prog.o ./main.o   
Finished building target: LM35_LED_BUZZER30.elf
 
Invoking: AVR Create Extended Listing
avr-objdump -h -S LM35_LED_BUZZER30.elf  >"LM35_LED_BUZZER30.lss"
Finished building: LM35_LED_BUZZER30.lss
 
Create Flash image (ihex format)
avr-objcopy -R .eeprom -R .fuse -R .lock -R .signature -O ihex LM35_LED_BUZZER30.elf  "LM35_LED_BUZZER30.hex"
Finished building: LM35_LED_BUZZER30.hex
 
Invoking: Print Size
avr-size --format=avr --mcu=atmega32 LM35_LED_BUZZER30.elf
AVR Memory Usage
----------------
Device: atmega32

Program:    2420 bytes (7.4% Full)
(.text + .data + .bootloader)

Data:          2 bytes (0.1% Full)
(.data + .bss + .noinit)


Finished building: sizedummy
 

01:24:30 Build Finished (took 23s.198ms)

