03:48:58 **** Incremental Build of configuration Debug for project revision1 ****
make all 
Building file: ../main.c
Invoking: AVR Compiler
avr-gcc -Wall -g2 -gstabs -O0 -fpack-struct -fshort-enums -ffunction-sections -fdata-sections -std=gnu99 -funsigned-char -funsigned-bitfields -mmcu=atmega32 -DF_CPU=12000000UL -MMD -MP -MF"main.d" -MT"main.o" -c -o "main.o" "../main.c"
In file included from ../main.c:9:
c:/users/fly labs/desktop/imt tools/interfacing/imt_sdk_win_64/winavr/lib/gcc/../../avr/include/util/delay.h:90:3: warning: #warning "Compiler optimizations disabled; functions from <util/delay.h> won't work as designed"
../main.c:10:1: warning: "F_CPU" redefined
<command-line>: warning: this is the location of the previous definition
Finished building: ../main.c
 
Building target: revision1.elf
Invoking: AVR C Linker
avr-gcc -Wl,-Map,revision1.map -mmcu=atmega32 -o "revision1.elf"  ./main.o   
Finished building target: revision1.elf
 
Invoking: AVR Create Extended Listing
avr-objdump -h -S revision1.elf  >"revision1.lss"
Finished building: revision1.lss
 
Create Flash image (ihex format)
avr-objcopy -R .eeprom -R .fuse -R .lock -R .signature -O ihex revision1.elf  "revision1.hex"
Finished building: revision1.hex
 
Invoking: Print Size
avr-size --format=avr --mcu=atmega32 revision1.elf
AVR Memory Usage
----------------
Device: atmega32

Program:    3298 bytes (10.1% Full)
(.text + .data + .bootloader)

Data:          8 bytes (0.4% Full)
(.data + .bss + .noinit)


Finished building: sizedummy
 

03:49:05 Build Finished (took 7s.231ms)

