04:09:23 **** Incremental Build of configuration Debug for project roboooooooooooooooot ****
make all 
Building file: ../main.c
Invoking: AVR Compiler
avr-gcc -Wall -g2 -gstabs -O0 -fpack-struct -fshort-enums -ffunction-sections -fdata-sections -std=gnu99 -funsigned-char -funsigned-bitfields -mmcu=atmega32 -DF_CPU=12000000UL -MMD -MP -MF"main.d" -MT"main.o" -c -o "main.o" "../main.c"
../main.c:25:1: warning: "F_CPU" redefined
<command-line>: warning: this is the location of the previous definition
In file included from ../main.c:28:
c:/users/fly labs/desktop/imt tools/interfacing/imt_sdk_win_64/winavr/lib/gcc/../../avr/include/util/delay.h:90:3: warning: #warning "Compiler optimizations disabled; functions from <util/delay.h> won't work as designed"
Finished building: ../main.c
 
Building target: roboooooooooooooooot.elf
Invoking: AVR C Linker
avr-gcc -Wl,-Map,roboooooooooooooooot.map -mmcu=atmega32 -o "roboooooooooooooooot.elf"  ./main.o   
Finished building target: roboooooooooooooooot.elf
 
Invoking: AVR Create Extended Listing
avr-objdump -h -S roboooooooooooooooot.elf  >"roboooooooooooooooot.lss"
Finished building: roboooooooooooooooot.lss
 
Invoking: Print Size
avr-size --format=avr --mcu=atmega32 roboooooooooooooooot.elf
AVR Memory Usage
----------------
Device: atmega32

Program:   11828 bytes (36.1% Full)
(.text + .data + .bootloader)

Data:          8 bytes (0.4% Full)
(.data + .bss + .noinit)


Finished building: sizedummy
 

04:09:31 Build Finished (took 7s.860ms)

