17:26:35 **** Incremental Build of configuration Debug for project RTOS_With_WDG ****
make all 
Building file: ../main.c
Invoking: AVR Compiler
avr-gcc -Wall -g2 -gstabs -O0 -fpack-struct -fshort-enums -ffunction-sections -fdata-sections -std=gnu99 -funsigned-char -funsigned-bitfields -mmcu=atmega32 -DF_CPU=12000000UL -MMD -MP -MF"main.d" -MT"main.o" -c -o "main.o" "../main.c"
Finished building: ../main.c
 
Building target: RTOS_With_WDG.elf
Invoking: AVR C Linker
avr-gcc -Wl,-Map,RTOS_With_WDG.map -mmcu=atmega32 -o "RTOS_With_WDG.elf"  ./DIO_prog.o ./main.o   
Finished building target: RTOS_With_WDG.elf
 
Invoking: AVR Create Extended Listing
avr-objdump -h -S RTOS_With_WDG.elf  >"RTOS_With_WDG.lss"
Finished building: RTOS_With_WDG.lss
 
Create Flash image (ihex format)
avr-objcopy -R .eeprom -R .fuse -R .lock -R .signature -O ihex RTOS_With_WDG.elf  "RTOS_With_WDG.hex"
Finished building: RTOS_With_WDG.hex
 
Invoking: Print Size
avr-size --format=avr --mcu=atmega32 RTOS_With_WDG.elf
AVR Memory Usage
----------------
Device: atmega32

Program:    2516 bytes (7.7% Full)
(.text + .data + .bootloader)

Data:         15 bytes (0.7% Full)
(.data + .bss + .noinit)


Finished building: sizedummy
 

17:26:47 Build Finished (took 11s.818ms)

