16:01:24 **** Incremental Build of configuration Debug for project SERVO_MOTOR_DRIVER ****
make all 
Building file: ../SERVO_prog.c
Invoking: AVR Compiler
avr-gcc -Wall -g2 -gstabs -O0 -fpack-struct -fshort-enums -ffunction-sections -fdata-sections -std=gnu99 -funsigned-char -funsigned-bitfields -mmcu=atmega32 -DF_CPU=12000000UL -MMD -MP -MF"SERVO_prog.d" -MT"SERVO_prog.o" -c -o "SERVO_prog.o" "../SERVO_prog.c"
Finished building: ../SERVO_prog.c
In file included from ../SERVO_interface.h:13,
                 from ../SERVO_prog.c:7:
c:/users/fly labs/desktop/imt tools/interfacing/imt_sdk_win_64/winavr/lib/gcc/../../avr/include/util/delay.h:90:3: warning: #warning "Compiler optimizations disabled; functions from <util/delay.h> won't work as designed"
In file included from ../SERVO_prog.c:7:
../SERVO_interface.h:15:1: warning: "F_CPU" redefined
<command-line>: warning: this is the location of the previous definition
 
Building file: ../main.c
Invoking: AVR Compiler
avr-gcc -Wall -g2 -gstabs -O0 -fpack-struct -fshort-enums -ffunction-sections -fdata-sections -std=gnu99 -funsigned-char -funsigned-bitfields -mmcu=atmega32 -DF_CPU=12000000UL -MMD -MP -MF"main.d" -MT"main.o" -c -o "main.o" "../main.c"
In file included from ../SERVO_interface.h:13,
                 from ../main.c:11:
c:/users/fly labs/desktop/imt tools/interfacing/imt_sdk_win_64/winavr/lib/gcc/../../avr/include/util/delay.h:90:3: warning: #warning "Compiler optimizations disabled; functions from <util/delay.h> won't work as designed"
In file included from ../main.c:11:
../SERVO_interface.h:15:1: warning: "F_CPU" redefined
<command-line>: warning: this is the location of the previous definition
Finished building: ../main.c
 
Building target: SERVO_MOTOR_DRIVER.elf
Invoking: AVR C Linker
avr-gcc -Wl,-Map,SERVO_MOTOR_DRIVER.map -mmcu=atmega32 -o "SERVO_MOTOR_DRIVER.elf"  ./DIO_prog.o ./SERVO_prog.o ./main.o   
Finished building target: SERVO_MOTOR_DRIVER.elf
 
Invoking: AVR Create Extended Listing
avr-objdump -h -S SERVO_MOTOR_DRIVER.elf  >"SERVO_MOTOR_DRIVER.lss"
Finished building: SERVO_MOTOR_DRIVER.lss
 
Create Flash image (ihex format)
avr-objcopy -R .eeprom -R .fuse -R .lock -R .signature -O ihex SERVO_MOTOR_DRIVER.elf  "SERVO_MOTOR_DRIVER.hex"
Finished building: SERVO_MOTOR_DRIVER.hex
 
Invoking: Print Size
avr-size --format=avr --mcu=atmega32 SERVO_MOTOR_DRIVER.elf
AVR Memory Usage
----------------
Device: atmega32

Program:   12068 bytes (36.8% Full)
(.text + .data + .bootloader)

Data:          8 bytes (0.4% Full)
(.data + .bss + .noinit)


Finished building: sizedummy
 

16:01:38 Build Finished (took 14s.677ms)

