17:45:37 **** Incremental Build of configuration Debug for project SERVO_MOTOR ****
make all 
Building file: ../main.c
Invoking: AVR Compiler
avr-gcc -Wall -g2 -gstabs -O0 -fpack-struct -fshort-enums -ffunction-sections -fdata-sections -std=gnu99 -funsigned-char -funsigned-bitfields -mmcu=atmega32 -DF_CPU=12000000UL -MMD -MP -MF"main.d" -MT"main.o" -c -o "main.o" "../main.c"
In file included from ../main.c:13:
c:/users/fly labs/desktop/imt tools/interfacing/imt_sdk_win_64/winavr/lib/gcc/../../avr/include/util/delay.h:90:3: warning: #warning "Compiler optimizations disabled; functions from <util/delay.h> won't work as designed"
../main.c:14:1: warning: "F_CPU" redefined
<command-line>: warning: this is the location of the previous definition
Finished building: ../main.c
 
Building target: SERVO_MOTOR.elf
Invoking: AVR C Linker
avr-gcc -Wl,-Map,SERVO_MOTOR.map -mmcu=atmega32 -o "SERVO_MOTOR.elf"  ./DIO_prog.o ./main.o   
Finished building target: SERVO_MOTOR.elf
 
Invoking: AVR Create Extended Listing
avr-objdump -h -S SERVO_MOTOR.elf  >"SERVO_MOTOR.lss"
Finished building: SERVO_MOTOR.lss
 
Create Flash image (ihex format)
avr-objcopy -R .eeprom -R .fuse -R .lock -R .signature -O ihex SERVO_MOTOR.elf  "SERVO_MOTOR.hex"
Finished building: SERVO_MOTOR.hex
 
Invoking: Print Size
avr-size --format=avr --mcu=atmega32 SERVO_MOTOR.elf
AVR Memory Usage
----------------
Device: atmega32

Program:    9358 bytes (28.6% Full)
(.text + .data + .bootloader)

Data:          8 bytes (0.4% Full)
(.data + .bss + .noinit)


Finished building: sizedummy
 

17:45:43 Build Finished (took 6s.719ms)

