16:49:48 **** Incremental Build of configuration Debug for project SPI_DRIVER ****
make all 
Building file: ../main.c
../main.c:14:1: warning: "F_CPU" redefined
<command-line>: warning: this is the location of the previous definition
In file included from ../main.c:15:
c:/users/fly labs/desktop/imt tools/interfacing/imt_sdk_win_64/winavr/lib/gcc/../../avr/include/util/delay.h:90:3: warning: #warning "Compiler optimizations disabled; functions from <util/delay.h> won't work as designed"
Invoking: AVR Compiler
avr-gcc -Wall -g2 -gstabs -O0 -fpack-struct -fshort-enums -ffunction-sections -fdata-sections -std=gnu99 -funsigned-char -funsigned-bitfields -mmcu=atmega32 -DF_CPU=12000000UL -MMD -MP -MF"main.d" -MT"main.o" -c -o "main.o" "../main.c"
Finished building: ../main.c
 
Building target: SPI_DRIVER.elf
Invoking: AVR C Linker
avr-gcc -Wl,-Map,SPI_DRIVER.map -mmcu=atmega32 -o "SPI_DRIVER.elf"  ./DIO_prog.o ./SPI_prog.o ./main.o   
Finished building target: SPI_DRIVER.elf
 
Invoking: AVR Create Extended Listing
avr-objdump -h -S SPI_DRIVER.elf  >"SPI_DRIVER.lss"
Finished building: SPI_DRIVER.lss
 
Create Flash image (ihex format)
avr-objcopy -R .eeprom -R .fuse -R .lock -R .signature -O ihex SPI_DRIVER.elf  "SPI_DRIVER.hex"
Finished building: SPI_DRIVER.hex
 
Invoking: Print Size
avr-size --format=avr --mcu=atmega32 SPI_DRIVER.elf
AVR Memory Usage
----------------
Device: atmega32

Program:    1752 bytes (5.3% Full)
(.text + .data + .bootloader)

Data:          0 bytes (0.0% Full)
(.data + .bss + .noinit)


Finished building: sizedummy
 

16:49:58 Build Finished (took 9s.591ms)

