00:08:07 **** Incremental Build of configuration Debug for project StepperMotor_Interrupt ****
make all 
Building file: ../main.c
Invoking: AVR Compiler
avr-gcc -Wall -g2 -gstabs -O0 -fpack-struct -fshort-enums -ffunction-sections -fdata-sections -std=gnu99 -funsigned-char -funsigned-bitfields -mmcu=atmega32 -DF_CPU=12000000UL -MMD -MP -MF"main.d" -MT"main.o" -c -o "main.o" "../main.c"
In file included from ../main.c:12:
c:/users/fly labs/desktop/imt tools/interfacing/imt_sdk_win_64/winavr/lib/gcc/../../avr/include/util/delay.h:90:3: warning: #warning "Compiler optimizations disabled; functions from <util/delay.h> won't work as designed"
../main.c:15:1: warning: "F_CPU" redefined
<command-line>: warning: this is the location of the previous definition
Finished building: ../main.c
 
Building target: StepperMotor_Interrupt.elf
Invoking: AVR C Linker
avr-gcc -Wl,-Map,StepperMotor_Interrupt.map -mmcu=atmega32 -o "StepperMotor_Interrupt.elf"  ./DIO_prog.o ./STEPPER_prog.o ./main.o   
Finished building target: StepperMotor_Interrupt.elf
 
Invoking: AVR Create Extended Listing
avr-objdump -h -S StepperMotor_Interrupt.elf  >"StepperMotor_Interrupt.lss"
Finished building: StepperMotor_Interrupt.lss
 
Create Flash image (ihex format)
avr-objcopy -R .eeprom -R .fuse -R .lock -R .signature -O ihex StepperMotor_Interrupt.elf  "StepperMotor_Interrupt.hex"
Finished building: StepperMotor_Interrupt.hex
 
Invoking: Print Size
avr-size --format=avr --mcu=atmega32 StepperMotor_Interrupt.elf
AVR Memory Usage
----------------
Device: atmega32

Program:   17898 bytes (54.6% Full)
(.text + .data + .bootloader)

Data:          8 bytes (0.4% Full)
(.data + .bss + .noinit)


Finished building: sizedummy
 

00:08:26 Build Finished (took 19s.288ms)

