22:25:30 **** Incremental Build of configuration Debug for project TASK_SERVO_LCD_KEYPAD ****
make all 
Building file: ../main.c
In file included from ../main.c:12:
c:/users/fly labs/desktop/imt tools/interfacing/imt_sdk_win_64/winavr/lib/gcc/../../avr/include/util/delay.h:90:3: warning: #warning "Compiler optimizations disabled; functions from <util/delay.h> won't work as designed"
../main.c:14:1: warning: "F_CPU" redefined
<command-line>: warning: this is the location of the previous definition
../main.c: In function 'main':
../main.c:33: warning: pointer targets in passing argument 1 of 'LCD_voidWriteString' differ in signedness
../main.c:53: warning: pointer targets in passing argument 1 of 'LCD_voidWriteString' differ in signedness
../main.c:65: warning: pointer targets in passing argument 1 of 'LCD_voidWriteString' differ in signedness
../main.c:77: warning: pointer targets in passing argument 1 of 'LCD_voidWriteString' differ in signedness
../main.c:89: warning: pointer targets in passing argument 1 of 'LCD_voidWriteString' differ in signedness
../main.c:103: warning: pointer targets in passing argument 1 of 'LCD_voidWriteString' differ in signedness
Invoking: AVR Compiler
avr-gcc -Wall -g2 -gstabs -O0 -fpack-struct -fshort-enums -ffunction-sections -fdata-sections -std=gnu99 -funsigned-char -funsigned-bitfields -mmcu=atmega32 -DF_CPU=12000000UL -MMD -MP -MF"main.d" -MT"main.o" -c -o "main.o" "../main.c"
../main.c:108: warning: pointer targets in passing argument 1 of 'LCD_voidWriteString' differ in signedness
../main.c:110: warning: pointer targets in passing argument 1 of 'LCD_voidWriteString' differ in signedness
../main.c:126: warning: pointer targets in passing argument 1 of 'LCD_voidWriteString' differ in signedness
../main.c:137: warning: pointer targets in passing argument 1 of 'LCD_voidWriteString' differ in signedness
../main.c:140: warning: pointer targets in passing argument 1 of 'LCD_voidWriteString' differ in signedness
../main.c:149: warning: pointer targets in passing argument 1 of 'LCD_voidWriteString' differ in signedness
../main.c:159: warning: pointer targets in passing argument 1 of 'LCD_voidWriteString' differ in signedness
../main.c:162: warning: pointer targets in passing argument 1 of 'LCD_voidWriteString' differ in signedness
../main.c:171: warning: pointer targets in passing argument 1 of 'LCD_voidWriteString' differ in signedness
Finished building: ../main.c
 
Building target: TASK_SERVO_LCD_KEYPAD.elf
Invoking: AVR C Linker
avr-gcc -Wl,-Map,TASK_SERVO_LCD_KEYPAD.map -mmcu=atmega32 -o "TASK_SERVO_LCD_KEYPAD.elf"  ./DIO_prog.o ./LCD_prog.o ./main.o   
Finished building target: TASK_SERVO_LCD_KEYPAD.elf
 
Invoking: AVR Create Extended Listing
avr-objdump -h -S TASK_SERVO_LCD_KEYPAD.elf  >"TASK_SERVO_LCD_KEYPAD.lss"
Finished building: TASK_SERVO_LCD_KEYPAD.lss
 
Create Flash image (ihex format)
avr-objcopy -R .eeprom -R .fuse -R .lock -R .signature -O ihex TASK_SERVO_LCD_KEYPAD.elf  "TASK_SERVO_LCD_KEYPAD.hex"
Finished building: TASK_SERVO_LCD_KEYPAD.hex
 
Invoking: Print Size
avr-size --format=avr --mcu=atmega32 TASK_SERVO_LCD_KEYPAD.elf
AVR Memory Usage
----------------
Device: atmega32

Program:   18930 bytes (57.8% Full)
(.text + .data + .bootloader)

Data:         32 bytes (1.6% Full)
(.data + .bss + .noinit)


Finished building: sizedummy
 

22:25:49 Build Finished (took 19s.236ms)

