01:32:14 **** Incremental Build of configuration Debug for project TASK_DipSw_sevenSeg ****
make all 
Building file: ../main.c
Invoking: AVR Compiler
avr-gcc -Wall -g2 -gstabs -O0 -fpack-struct -fshort-enums -ffunction-sections -fdata-sections -std=gnu99 -funsigned-char -funsigned-bitfields -mmcu=atmega32 -DF_CPU=12000000UL -MMD -MP -MF"main.d" -MT"main.o" -c -o "main.o" "../main.c"
../main.c:12:1: warning: "F_CPU" redefined
<command-line>: warning: this is the location of the previous definition
In file included from ../main.c:13:
c:/users/fly labs/desktop/imt tools/interfacing/imt_sdk_win_64/winavr/lib/gcc/../../avr/include/util/delay.h:90:3: warning: #warning "Compiler optimizations disabled; functions from <util/delay.h> won't work as designed"
Finished building: ../main.c
 
Building target: TASK_DipSw_sevenSeg.elf
Invoking: AVR C Linker
avr-gcc -Wl,-Map,TASK_DipSw_sevenSeg.map -mmcu=atmega32 -o "TASK_DipSw_sevenSeg.elf"  ./DIO_prog.o ./main.o   
Finished building target: TASK_DipSw_sevenSeg.elf
 
Invoking: AVR Create Extended Listing
avr-objdump -h -S TASK_DipSw_sevenSeg.elf  >"TASK_DipSw_sevenSeg.lss"
Finished building: TASK_DipSw_sevenSeg.lss
 
Create Flash image (ihex format)
avr-objcopy -R .eeprom -R .fuse -R .lock -R .signature -O ihex TASK_DipSw_sevenSeg.elf  "TASK_DipSw_sevenSeg.hex"
Finished building: TASK_DipSw_sevenSeg.hex
 
Invoking: Print Size
avr-size --format=avr --mcu=atmega32 TASK_DipSw_sevenSeg.elf
AVR Memory Usage
----------------
Device: atmega32

Program:   14214 bytes (43.4% Full)
(.text + .data + .bootloader)

Data:          8 bytes (0.4% Full)
(.data + .bss + .noinit)


Finished building: sizedummy
 

01:32:36 Build Finished (took 22s.369ms)

