01:44:20 **** Incremental Build of configuration Debug for project TIMER1_SERVO_MOTOR_FAST_PWM ****
make all 
Building file: ../main.c
Invoking: AVR Compiler
avr-gcc -Wall -g2 -gstabs -O0 -fpack-struct -fshort-enums -ffunction-sections -fdata-sections -std=gnu99 -funsigned-char -funsigned-bitfields -mmcu=atmega32 -DF_CPU=12000000UL -MMD -MP -MF"main.d" -MT"main.o" -c -o "main.o" "../main.c"
../main.c:11:1: warning: "F_CPU" redefined
<command-line>: warning: this is the location of the previous definition
In file included from ../main.c:12:
c:/users/fly labs/desktop/imt tools/interfacing/imt_sdk_win_64/winavr/lib/gcc/../../avr/include/util/delay.h:90:3: warning: #warning "Compiler optimizations disabled; functions from <util/delay.h> won't work as designed"
Finished building: ../main.c
 
Building target: TIMER1_SERVO_MOTOR_FAST_PWM.elf
Invoking: AVR C Linker
avr-gcc -Wl,-Map,TIMER1_SERVO_MOTOR_FAST_PWM.map -mmcu=atmega32 -o "TIMER1_SERVO_MOTOR_FAST_PWM.elf"  ./DIO_prog.o ./main.o   
Finished building target: TIMER1_SERVO_MOTOR_FAST_PWM.elf
 
Invoking: AVR Create Extended Listing
avr-objdump -h -S TIMER1_SERVO_MOTOR_FAST_PWM.elf  >"TIMER1_SERVO_MOTOR_FAST_PWM.lss"
Finished building: TIMER1_SERVO_MOTOR_FAST_PWM.lss
 
Create Flash image (ihex format)
avr-objcopy -R .eeprom -R .fuse -R .lock -R .signature -O ihex TIMER1_SERVO_MOTOR_FAST_PWM.elf  "TIMER1_SERVO_MOTOR_FAST_PWM.hex"
Finished building: TIMER1_SERVO_MOTOR_FAST_PWM.hex
 
Invoking: Print Size
avr-size --format=avr --mcu=atmega32 TIMER1_SERVO_MOTOR_FAST_PWM.elf
AVR Memory Usage
----------------
Device: atmega32

Program:    5346 bytes (16.3% Full)
(.text + .data + .bootloader)

Data:          8 bytes (0.4% Full)
(.data + .bss + .noinit)


Finished building: sizedummy
 

01:45:27 Build Finished (took 1m:6s.633ms)

