22:47:58 **** Incremental Build of configuration Debug for project UART_SendChar_Micro_SendCharTo_LCD ****
make all 
Building file: ../main.c
Invoking: AVR Compiler
avr-gcc -Wall -g2 -gstabs -O0 -fpack-struct -fshort-enums -ffunction-sections -fdata-sections -std=gnu99 -funsigned-char -funsigned-bitfields -mmcu=atmega32 -DF_CPU=12000000UL -MMD -MP -MF"main.d" -MT"main.o" -c -o "main.o" "../main.c"
Finished building: ../main.c
 
Building target: UART_SendChar_Micro_SendCharTo_LCD.elf
Invoking: AVR C Linker
avr-gcc -Wl,-Map,UART_SendChar_Micro_SendCharTo_LCD.map -mmcu=atmega32 -o "UART_SendChar_Micro_SendCharTo_LCD.elf"  ./DIO_prog.o ./LCD_prog.o ./UART_prog.o ./main.o   
Finished building target: UART_SendChar_Micro_SendCharTo_LCD.elf
 
Invoking: AVR Create Extended Listing
avr-objdump -h -S UART_SendChar_Micro_SendCharTo_LCD.elf  >"UART_SendChar_Micro_SendCharTo_LCD.lss"
Finished building: UART_SendChar_Micro_SendCharTo_LCD.lss
 
Create Flash image (ihex format)
avr-objcopy -R .eeprom -R .fuse -R .lock -R .signature -O ihex UART_SendChar_Micro_SendCharTo_LCD.elf  "UART_SendChar_Micro_SendCharTo_LCD.hex"
Finished building: UART_SendChar_Micro_SendCharTo_LCD.hex
 
Invoking: Print Size
avr-size --format=avr --mcu=atmega32 UART_SendChar_Micro_SendCharTo_LCD.elf
AVR Memory Usage
----------------
Device: atmega32

Program:   19306 bytes (58.9% Full)
(.text + .data + .bootloader)

Data:        264 bytes (12.9% Full)
(.data + .bss + .noinit)


Finished building: sizedummy
 

22:48:13 Build Finished (took 15s.194ms)

