23:53:20 **** Incremental Build of configuration Debug for project upadate_Avoiding_robot_metal_detector ****
make all 
Building file: ../MOTOR_prog.c
Invoking: AVR Compiler
avr-gcc -Wall -g2 -gstabs -O0 -fpack-struct -fshort-enums -ffunction-sections -fdata-sections -std=gnu99 -funsigned-char -funsigned-bitfields -mmcu=atmega32 -DF_CPU=12000000UL -MMD -MP -MF"MOTOR_prog.d" -MT"MOTOR_prog.o" -c -o "MOTOR_prog.o" "../MOTOR_prog.c"
In file included from ../MOTOR_prog.c:11:
c:/users/fly labs/desktop/imt tools/interfacing/imt_sdk_win_64/winavr/lib/gcc/../../avr/include/util/delay.h:90:3: warning: #warning "Compiler optimizations disabled; functions from <util/delay.h> won't work as designed"
../MOTOR_prog.c:14:1: warning: "F_CPU" redefined
<command-line>: warning: this is the location of the previous definition
Finished building: ../MOTOR_prog.c
 
Building target: upadate_Avoiding_robot_metal_detector.elf
Invoking: AVR C Linker
avr-gcc -Wl,-Map,upadate_Avoiding_robot_metal_detector.map -mmcu=atmega32 -o "upadate_Avoiding_robot_metal_detector.elf"  ./DIO_prog.o ./EX_Interrupt_prog.o ./IR_Sensor.o ./MOTOR_prog.o ./ULTRASONIC.o ./main.o   
Finished building target: upadate_Avoiding_robot_metal_detector.elf
 
Invoking: AVR Create Extended Listing
avr-objdump -h -S upadate_Avoiding_robot_metal_detector.elf  >"upadate_Avoiding_robot_metal_detector.lss"
Finished building: upadate_Avoiding_robot_metal_detector.lss
 
Create Flash image (ihex format)
avr-objcopy -R .eeprom -R .fuse -R .lock -R .signature -O ihex upadate_Avoiding_robot_metal_detector.elf  "upadate_Avoiding_robot_metal_detector.hex"
Finished building: upadate_Avoiding_robot_metal_detector.hex
 
Invoking: Print Size
avr-size --format=avr --mcu=atmega32 upadate_Avoiding_robot_metal_detector.elf
AVR Memory Usage
----------------
Device: atmega32

Program:    7768 bytes (23.7% Full)
(.text + .data + .bootloader)

Data:        268 bytes (13.1% Full)
(.data + .bss + .noinit)


Finished building: sizedummy
 

23:53:35 Build Finished (took 14s.902ms)

